<?xml version="1.0" encoding="UTF-8"?>
<!-- Generated by org.testng.reporters.JUnitReportReporter -->
<testsuite hostname="DESKTOP-SHNTT5O" failures="0" tests="2" name="testNG_pack.TestNGAnnotationExample1" time="0.011" errors="0" timestamp="2022-04-25T16:55:43 IST" skipped="0">
  <testcase classname="testNG_pack.TestNGAnnotationExample1" name="test1" time="0.007"/>
  <system-out/>
  <testcase classname="testNG_pack.TestNGAnnotationExample1" name="test2" time="0.004"/>
  <system-out/>
</testsuite> <!-- testNG_pack.TestNGAnnotationExample1 -->
