<?xml version="1.0" encoding="UTF-8"?>
<!-- Generated by org.testng.reporters.JUnitReportReporter -->
<testsuite hostname="DESKTOP-SHNTT5O" failures="0" tests="2" name="testNG_pack.NewTest" time="37.598" errors="0" timestamp="2022-04-17T23:56:36 IST" skipped="0">
  <testcase classname="testNG_pack.NewTest" name="loginOrangeHRM" time="17.110"/>
  <system-out/>
  <testcase classname="testNG_pack.NewTest" name="addEmp" time="20.488"/>
  <system-out/>
</testsuite> <!-- testNG_pack.NewTest -->
