<?xml version="1.0" encoding="UTF-8"?>
<!-- Generated by org.testng.reporters.JUnitReportReporter -->
<testsuite hostname="DESKTOP-SHNTT5O" failures="0" tests="1" name="in.redBus.RedBusSearch" time="26.041" errors="0" timestamp="2022-04-24T23:12:41 IST" skipped="0">
  <testcase classname="in.redBus.RedBusSearch" name="LaunchRedBus" time="26.041"/>
  <system-out/>
</testsuite> <!-- in.redBus.RedBusSearch -->
