<?xml version="1.0" encoding="UTF-8"?>
<!-- Generated by org.testng.reporters.JUnitReportReporter -->
<testsuite hostname="DESKTOP-SHNTT5O" failures="0" tests="1" name="Excel.ReadExcel" time="0.007" errors="0" timestamp="2022-04-26T13:22:46 IST" skipped="0">
  <testcase classname="Excel.ReadExcel" name="ex2" time="0.007"/>
  <system-out/>
</testsuite> <!-- Excel.ReadExcel -->
