<?xml version="1.0" encoding="UTF-8"?>
<!-- Generated by org.testng.reporters.JUnitReportReporter -->
<testsuite hostname="DESKTOP-SHNTT5O" failures="0" tests="2" name="testNG_pack.LetsTakeScreenShot" time="18.869" errors="0" timestamp="2022-04-29T15:51:07 IST" skipped="0">
  <testcase classname="testNG_pack.LetsTakeScreenShot" name="launch" time="18.714"/>
  <system-out/>
  <testcase classname="testNG_pack.LetsTakeScreenShot" name="screenshot" time="0.155"/>
  <system-out/>
</testsuite> <!-- testNG_pack.LetsTakeScreenShot -->
