<?xml version="1.0" encoding="UTF-8"?>
<!-- Generated by org.testng.reporters.JUnitReportReporter -->
<testsuite hostname="DESKTOP-SHNTT5O" failures="0" tests="3" name="testNG_pack.DataProvision" time="0.010" errors="0" timestamp="2022-04-26T11:59:25 IST" skipped="0">
  <testcase classname="testNG_pack.DataProvision" name="sample" time="0.002"/>
  <system-out/>
  <testcase classname="testNG_pack.DataProvision" name="sample" time="0.007"/>
  <system-out/>
  <testcase classname="testNG_pack.DataProvision" name="sample" time="0.001"/>
  <system-out/>
</testsuite> <!-- testNG_pack.DataProvision -->
