<?xml version="1.0" encoding="UTF-8"?>
<!-- Generated by org.testng.reporters.JUnitReportReporter -->
<testsuite hostname="DESKTOP-SHNTT5O" failures="0" tests="2" name="testNG_pack.sampleTestNGmethod" time="0.055" errors="0" timestamp="2022-04-28T15:19:43 IST" skipped="0">
  <testcase classname="testNG_pack.sampleTestNGmethod" name="maths" time="0.054"/>
  <system-out/>
  <testcase classname="testNG_pack.sampleTestNGmethod" name="science" time="0.001"/>
  <system-out/>
</testsuite> <!-- testNG_pack.sampleTestNGmethod -->
